C51 COMPILER V9.01   FLASH                                                                 07/18/2015 15:47:55 PAGE 1   


C51 COMPILER V9.01, COMPILATION OF MODULE FLASH
OBJECT MODULE PLACED IN flash.OBJ
COMPILER INVOKED BY: C:\Keil\C51\BIN\C51.EXE flash.c BROWSE DEBUG OBJECTEXTEND

line level    source

   1          #include "Flash.h"
   2          #include "c8051F340.h"
   3          
   4          
   5          //void FLASH_ByteWrite(unsigned int addr, char byte);
   6          //unsigned char FLASH_ByteRead(unsigned int addr);
   7          //void FLASH_PageErase(unsigned int addr);
   8          
   9          void FLASH_ByteWrite(unsigned int addr, char byte)
  10          {
  11   1              bit EA_SAVE = EA;
  12   1              char xdata *data pwrite;        //FLASH write pointer
  13   1              
  14   1              EA = 0;
  15   1              
  16   1              VDM0CN = 0x80;  //Enable VDD monitor
  17   1              
  18   1              RSTSRC = 0x02;  //Enable VDD monitor as a reset source
  19   1              
  20   1              pwrite = (char xdata *)addr;
  21   1              
  22   1              FLKEY = 0xA5;
  23   1              FLKEY = 0xF1;
  24   1              PSCTL |= 0x01;  //PSWE = 1;
  25   1              
  26   1              VDM0CN = 0x80;
  27   1              
  28   1              RSTSRC = 0x02;
  29   1              
  30   1              *pwrite = byte;
  31   1              
  32   1              PSCTL &= ~0x01;
  33   1              
  34   1              EA = EA_SAVE;
  35   1      }
  36          
  37          unsigned char FLASH_ByteRead(unsigned int addr)
  38          {
  39   1              bit EA_SAVE = EA;
  40   1              char code *data pread;
  41   1              unsigned char byte;
  42   1              
  43   1              EA = 0;
  44   1              
  45   1              pread = (char code *)addr;
  46   1              
  47   1              byte = *pread;
  48   1              
  49   1              EA = EA_SAVE;
  50   1              
  51   1              return byte;
  52   1      }
  53          
  54          void FLASH_PageErase(unsigned int addr)
  55          {
C51 COMPILER V9.01   FLASH                                                                 07/18/2015 15:47:55 PAGE 2   

  56   1              bit EA_SAVE = EA;
  57   1              char xdata *data pwrite;
  58   1              
  59   1              EA = 0;
  60   1              
  61   1              VDM0CN = 0x80;
  62   1              
  63   1              RSTSRC = 0x02;
  64   1              
  65   1              pwrite = (char xdata *)addr;
  66   1              
  67   1              FLKEY = 0xA5;
  68   1              FLKEY = 0xF1;
  69   1              PSCTL |= 0x03;
  70   1              
  71   1              VDM0CN = 0x80;
  72   1              
  73   1              RSTSRC = 0x02;
  74   1              *pwrite = 0;
  75   1              
  76   1              PSCTL &= ~0x03;
  77   1              
  78   1              EA= EA_SAVE;
  79   1      }
  80          


MODULE INFORMATION:   STATIC OVERLAYABLE
   CODE SIZE        =    100    ----
   CONSTANT SIZE    =   ----    ----
   XDATA SIZE       =   ----    ----
   PDATA SIZE       =   ----    ----
   DATA SIZE        =   ----    ----
   IDATA SIZE       =   ----    ----
   BIT SIZE         =   ----       3
END OF MODULE INFORMATION.


C51 COMPILATION COMPLETE.  0 WARNING(S),  0 ERROR(S)
